<?xml version="1.0" encoding="UTF-8"?>
<testng-results skipped="0" failed="0" total="1" passed="1">
  <reporter-output>
  </reporter-output>
  <suite name="Default suite" duration-ms="51" started-at="2017-07-06T08:18:40Z" finished-at="2017-07-06T08:18:40Z">
    <groups>
    </groups>
    <test name="Default test" duration-ms="51" started-at="2017-07-06T08:18:40Z" finished-at="2017-07-06T08:18:40Z">
      <class name="SQL.AnotherJustTest">
        <test-method status="PASS" signature="run()[pri:0, instance:SQL.AnotherJustTest@5c3bd550]" name="run" duration-ms="21" started-at="2017-07-06T04:18:40Z" finished-at="2017-07-06T04:18:40Z">
          <reporter-output>
          </reporter-output>
        </test-method> <!-- run -->
      </class> <!-- SQL.AnotherJustTest -->
    </test> <!-- Default test -->
  </suite> <!-- Default suite -->
</testng-results>
